<?xml version="1.0" encoding="UTF-8"?>
<beans xmlns="http://www.springframework.org/schema/beans"
    xmlns:xsi="http://www.w3.org/2001/XMLSchema-instance"
    xmlns:context="http://www.springframework.org/schema/context"
    xsi:schemaLocation="http://www.springframework.org/schema/beans
        http://www.springframework.org/schema/beans/spring-beans-3.1.xsd
        http://www.springframework.org/schema/context
        http://www.springframework.org/schema/context/spring-context-3.1.xsd">
   
    <!-- a global arrayset object. -->
    <bean id="copyOnWriteArraySet"
        class="java.util.concurrent.CopyOnWriteArraySet">
        <constructor-arg>
            <set value-type="org.examproject.websocket.SiteVisitorObserverWebSocket"/>
        </constructor-arg>
    </bean>
   
    <!-- a global observable object. -->
    <bean id="observable"
        class="org.examproject.websocket.MockObservable">
    </bean>
   
    <!-- a websocket object. -->
    <bean id="observerWebSocket"
        class="org.examproject.websocket.SiteVisitorWebSocket"
        scope="prototype">
    </bean>
    
    <!-- a domain object for test. -->
    <bean id="siteVisitor"
        class="org.examproject.websocket.MockVisitor"
        scope="prototype">
    </bean>

</beans>